<?xml version="1.0" encoding="UTF-8"?>
<testsuite name="CollegeTest" tests="1" skipped="0" failures="0" errors="0" timestamp="2022-10-12T16:38:29" hostname="LAPTOP-80RQ12T1" time="0.338">
  <properties/>
  <testcase name="testCourseProgrammeConstructor()" classname="CollegeTest" time="0.338"/>
  <system-out><![CDATA[Conorc32's Junit test
]]></system-out>
  <system-err><![CDATA[]]></system-err>
</testsuite>
